<?xml version="1.0" encoding="UTF-8"?>
<testng-results skipped="0" failed="0" ignored="0" total="1" passed="1">
  <reporter-output>
  </reporter-output>
  <suite name="Data Driven Basics" duration-ms="3071" started-at="2018-09-20T04:44:02Z" finished-at="2018-09-20T04:44:05Z">
    <groups>
    </groups>
    <test name="LoginTest" duration-ms="3071" started-at="2018-09-20T04:44:02Z" finished-at="2018-09-20T04:44:05Z">
      <class name="com.w2a.testcases.LoginTest">
        <test-method status="PASS" signature="setUp()[pri:0, instance:com.w2a.testcases.LoginTest@3abbfa04]" name="setUp" is-config="true" duration-ms="5512" started-at="2018-09-19T21:43:57Z" finished-at="2018-09-19T21:44:02Z">
          <reporter-output>
          </reporter-output>
        </test-method> <!-- setUp -->
        <test-method status="PASS" signature="loginAsBankManager()[pri:0, instance:com.w2a.testcases.LoginTest@3abbfa04]" name="loginAsBankManager" duration-ms="3062" started-at="2018-09-19T21:44:02Z" finished-at="2018-09-19T21:44:05Z">
          <reporter-output>
          </reporter-output>
        </test-method> <!-- loginAsBankManager -->
        <test-method status="PASS" signature="tearDown()[pri:0, instance:com.w2a.testcases.LoginTest@3abbfa04]" name="tearDown" is-config="true" duration-ms="843" started-at="2018-09-19T21:44:06Z" finished-at="2018-09-19T21:44:06Z">
          <reporter-output>
          </reporter-output>
        </test-method> <!-- tearDown -->
      </class> <!-- com.w2a.testcases.LoginTest -->
    </test> <!-- LoginTest -->
  </suite> <!-- Data Driven Basics -->
</testng-results>
